c:\users\chris\onedrive\바탕 화면\sr_mainframe\client\default\x64\debug\client.pch
c:\users\chris\onedrive\바탕 화면\sr_mainframe\client\default\x64\debug\vc143.pdb
c:\users\chris\onedrive\바탕 화면\sr_mainframe\client\default\x64\debug\vc143.idb
c:\users\chris\onedrive\바탕 화면\sr_mainframe\client\default\x64\debug\stdafx.obj
c:\users\chris\onedrive\바탕 화면\sr_mainframe\client\default\x64\debug\client.obj
c:\users\chris\onedrive\바탕 화면\sr_mainframe\client\default\x64\debug\terrain.obj
c:\users\chris\onedrive\바탕 화면\sr_mainframe\client\default\x64\debug\player.obj
c:\users\chris\onedrive\바탕 화면\sr_mainframe\client\default\x64\debug\mainapp.obj
c:\users\chris\onedrive\바탕 화면\sr_mainframe\client\default\x64\debug\loader.obj
c:\users\chris\onedrive\바탕 화면\sr_mainframe\client\default\x64\debug\level_logo.obj
c:\users\chris\onedrive\바탕 화면\sr_mainframe\client\default\x64\debug\level_loading.obj
c:\users\chris\onedrive\바탕 화면\sr_mainframe\client\default\x64\debug\level_gameplay.obj
c:\users\chris\onedrive\바탕 화면\sr_mainframe\client\default\x64\debug\camera_sub.obj
c:\users\chris\onedrive\바탕 화면\sr_mainframe\client\default\x64\debug\camera_dynamic.obj
c:\users\chris\onedrive\바탕 화면\sr_mainframe\client\default\x64\debug\background.obj
c:\users\chris\onedrive\바탕 화면\프로젝트\srproject\client\default\x64\debug\client.pch
c:\users\chris\onedrive\바탕 화면\프로젝트\srproject\client\default\x64\debug\vc143.pdb
c:\users\chris\onedrive\바탕 화면\프로젝트\srproject\client\default\x64\debug\vc143.idb
c:\users\chris\onedrive\바탕 화면\프로젝트\srproject\client\default\x64\debug\stdafx.obj
c:\users\chris\onedrive\바탕 화면\프로젝트\srproject\client\default\x64\debug\client.obj
c:\users\chris\onedrive\바탕 화면\프로젝트\srproject\client\default\x64\debug\mainapp.obj
c:\users\chris\onedrive\바탕 화면\프로젝트\srproject\client\default\x64\debug\loader.obj
c:\users\chris\onedrive\바탕 화면\프로젝트\srproject\client\default\x64\debug\level_logo.obj
c:\users\chris\onedrive\바탕 화면\프로젝트\srproject\client\default\x64\debug\camera_dynamic.obj
c:\users\chris\onedrive\바탕 화면\프로젝트\srproject\client\default\x64\debug\background.obj
c:\users\chris\onedrive\바탕 화면\프로젝트\srproject\client\default\x64\debug\terrain.obj
c:\users\chris\onedrive\바탕 화면\프로젝트\srproject\client\default\x64\debug\player.obj
c:\users\chris\onedrive\바탕 화면\프로젝트\srproject\client\default\x64\debug\level_loading.obj
c:\users\chris\onedrive\바탕 화면\프로젝트\srproject\client\default\x64\debug\level_gameplay.obj
c:\users\chris\onedrive\바탕 화면\프로젝트\srproject\client\default\x64\debug\camera_sub.obj
c:\users\chris\onedrive\바탕 화면\프로젝트\srproject\client\default\x64\debug\cam_portal.obj
c:\users\min\downloads\framework(220210)\client\bin\client.ipdb
c:\users\min\downloads\framework(220210)\client\bin\client.iobj
c:\users\chris\downloads\framework(220210) (1)\client\bin\client.ipdb
c:\users\chris\downloads\framework(220210) (1)\client\bin\client.iobj
c:\users\chris\onedrive\바탕 화면\sr_mainframe\client\bin\client.ipdb
c:\users\chris\onedrive\바탕 화면\sr_mainframe\client\bin\client.iobj
c:\users\chris\onedrive\바탕 화면\프로젝트\srproject\client\bin\client.ipdb
c:\users\chris\onedrive\바탕 화면\프로젝트\srproject\client\bin\client.iobj
c:\users\chris\onedrive\바탕 화면\sr_mainframe\client\bin\client.exe
c:\users\chris\onedrive\바탕 화면\sr_mainframe\client\default\x64\debug\client.ilk
c:\users\chris\onedrive\바탕 화면\sr_mainframe\client\bin\client.pdb
c:\users\chris\onedrive\바탕 화면\프로젝트\srproject\client\bin\client.exe
c:\users\chris\onedrive\바탕 화면\프로젝트\srproject\client\default\x64\debug\client.ilk
c:\users\chris\onedrive\바탕 화면\프로젝트\srproject\client\bin\client.pdb
c:\users\chris\onedrive\바탕 화면\sr_mainframe\client\default\x64\debug\client.res
c:\users\chris\onedrive\바탕 화면\프로젝트\srproject\client\default\x64\debug\client.res
c:\users\chris\onedrive\바탕 화면\프로젝트\srproject\client\default\x64\debug\camera_static.obj
c:\users\chris\onedrive\바탕 화면\프로젝트\srproject\client\default\x64\debug\map.obj
c:\users\chris\onedrive\바탕 화면\프로젝트\srproject\client\default\x64\debug\vc140.idb
c:\users\chris\onedrive\바탕 화면\프로젝트\srproject\client\default\x64\debug\vc140.pdb
c:\users\chris\onedrive\바탕 화면\프로젝트\srproject\client\default\x64\debug\client.tlog\cl.command.1.tlog
c:\users\chris\onedrive\바탕 화면\프로젝트\srproject\client\default\x64\debug\client.tlog\cl.read.1.tlog
c:\users\chris\onedrive\바탕 화면\프로젝트\srproject\client\default\x64\debug\client.tlog\cl.write.1.tlog
c:\users\chris\onedrive\바탕 화면\프로젝트\srproject\client\default\x64\debug\client.tlog\client.write.1u.tlog
c:\users\chris\onedrive\바탕 화면\프로젝트\srproject\client\default\x64\debug\client.tlog\link.command.1.tlog
c:\users\chris\onedrive\바탕 화면\프로젝트\srproject\client\default\x64\debug\client.tlog\link.read.1.tlog
c:\users\chris\onedrive\바탕 화면\프로젝트\srproject\client\default\x64\debug\client.tlog\link.write.1.tlog
c:\users\chris\onedrive\바탕 화면\프로젝트\srproject\client\default\x64\debug\client.tlog\rc.command.1.tlog
c:\users\chris\onedrive\바탕 화면\프로젝트\srproject\client\default\x64\debug\client.tlog\rc.read.1.tlog
c:\users\chris\onedrive\바탕 화면\프로젝트\srproject\client\default\x64\debug\client.tlog\rc.write.1.tlog
