  Camera_Player.cpp
  Camera_Static.cpp
  Level_GamePlay.cpp
  Level_Loading.cpp
  LoadingLoader.cpp
  Player.cpp
  Portal.cpp
  PortalControl.cpp
  Sky.cpp
  Terrain.cpp
  UI.cpp
  BackGround.cpp
C:\Users\chris\OneDrive\바탕 화면\프로젝트\SRProject\Client\private\BackGround.cpp(34,95): warning C4244: '인수': 'int'에서 'FLOAT'(으)로 변환하면서 데이터가 손실될 수 있습니다.
C:\Users\chris\OneDrive\바탕 화면\프로젝트\SRProject\Client\private\BackGround.cpp(34,77): warning C4244: '인수': 'int'에서 'FLOAT'(으)로 변환하면서 데이터가 손실될 수 있습니다.
  Camera_Dynamic.cpp
  Level_Logo.cpp
  Loader.cpp
  MainApp.cpp
  Client.cpp
  코드를 생성하고 있습니다...
C:\Users\chris\OneDrive\바탕 화면\프로젝트\SRProject\Client\Private\UI.cpp(240): warning C4715: 'Client::CUI::Bind_UI': 모든 제어 경로에서 값을 반환하지는 않습니다.
  Client.vcxproj -> C:\Users\chris\OneDrive\바탕 화면\프로젝트\SRProject\Client\Bin\Client.exe
