c:\users\chris\downloads\framework(220204)\tool\default\x64\debug\tool.pch
c:\users\chris\downloads\framework(220204)\tool\default\x64\debug\vc143.pdb
c:\users\chris\downloads\framework(220204)\tool\default\x64\debug\vc143.idb
c:\users\chris\onedrive\바탕 화면\프로젝트\srproject\tool\default\x64\debug\tool.pch
c:\users\chris\onedrive\바탕 화면\프로젝트\srproject\tool\default\x64\debug\vc143.pdb
c:\users\chris\onedrive\바탕 화면\프로젝트\srproject\tool\default\x64\debug\vc143.idb
c:\users\chris\onedrive\바탕 화면\프로젝트\srproject\tool\default\x64\debug\fileinfo.obj
c:\users\chris\onedrive\바탕 화면\프로젝트\srproject\tool\default\x64\debug\mainfrm.obj
c:\users\chris\onedrive\바탕 화면\프로젝트\srproject\tool\default\x64\debug\maptool.obj
c:\users\chris\onedrive\바탕 화면\프로젝트\srproject\tool\default\x64\debug\myform.obj
c:\users\chris\onedrive\바탕 화면\프로젝트\srproject\tool\default\x64\debug\mypage1.obj
c:\users\chris\onedrive\바탕 화면\프로젝트\srproject\tool\default\x64\debug\mypage2.obj
c:\users\chris\onedrive\바탕 화면\프로젝트\srproject\tool\default\x64\debug\mysheet.obj
c:\users\chris\onedrive\바탕 화면\프로젝트\srproject\tool\default\x64\debug\pathfind.obj
c:\users\chris\onedrive\바탕 화면\프로젝트\srproject\tool\default\x64\debug\subview.obj
c:\users\chris\onedrive\바탕 화면\프로젝트\srproject\tool\default\x64\debug\terrain.obj
c:\users\chris\onedrive\바탕 화면\프로젝트\srproject\tool\default\x64\debug\tool.obj
c:\users\chris\onedrive\바탕 화면\프로젝트\srproject\tool\default\x64\debug\tooldoc.obj
c:\users\chris\onedrive\바탕 화면\프로젝트\srproject\tool\default\x64\debug\toolview.obj
c:\users\chris\onedrive\바탕 화면\프로젝트\srproject\tool\default\x64\debug\unittool.obj
c:\users\chris\onedrive\바탕 화면\프로젝트\srproject\tool\default\x64\debug\stdafx.obj
c:\users\chris\onedrive\바탕 화면\sr_mainframe\tool\default\x64\debug\tool.pch
c:\users\chris\onedrive\바탕 화면\sr_mainframe\tool\default\x64\debug\vc143.pdb
c:\users\chris\onedrive\바탕 화면\sr_mainframe\tool\default\x64\debug\vc143.idb
c:\users\chris\onedrive\바탕 화면\sr_mainframe\tool\default\x64\debug\fileinfo.obj
c:\users\chris\onedrive\바탕 화면\sr_mainframe\tool\default\x64\debug\mainfrm.obj
c:\users\chris\onedrive\바탕 화면\sr_mainframe\tool\default\x64\debug\maptool.obj
c:\users\chris\onedrive\바탕 화면\sr_mainframe\tool\default\x64\debug\myform.obj
c:\users\chris\onedrive\바탕 화면\sr_mainframe\tool\default\x64\debug\mypage1.obj
c:\users\chris\onedrive\바탕 화면\sr_mainframe\tool\default\x64\debug\mypage2.obj
c:\users\chris\onedrive\바탕 화면\sr_mainframe\tool\default\x64\debug\mysheet.obj
c:\users\chris\onedrive\바탕 화면\sr_mainframe\tool\default\x64\debug\pathfind.obj
c:\users\chris\onedrive\바탕 화면\sr_mainframe\tool\default\x64\debug\stdafx.obj
c:\users\chris\onedrive\바탕 화면\sr_mainframe\tool\default\x64\debug\subview.obj
c:\users\chris\onedrive\바탕 화면\sr_mainframe\tool\default\x64\debug\tool.obj
c:\users\chris\onedrive\바탕 화면\sr_mainframe\tool\default\x64\debug\tooldoc.obj
c:\users\chris\onedrive\바탕 화면\sr_mainframe\tool\default\x64\debug\toolview.obj
c:\users\chris\onedrive\바탕 화면\sr_mainframe\tool\default\x64\debug\unittool.obj
c:\users\chris\onedrive\바탕 화면\sr_mainframe\tool\default\x64\debug\camera_dynamic.obj
c:\users\chris\onedrive\바탕 화면\프로젝트\srproject\tool\bin\tool.exe
c:\users\chris\onedrive\바탕 화면\프로젝트\srproject\tool\default\x64\debug\tool.ilk
c:\users\chris\onedrive\바탕 화면\프로젝트\srproject\tool\bin\tool.pdb
c:\users\chris\onedrive\바탕 화면\sr_mainframe\tool\bin\tool.exe
c:\users\chris\onedrive\바탕 화면\sr_mainframe\tool\default\x64\debug\tool.ilk
c:\users\chris\onedrive\바탕 화면\sr_mainframe\tool\bin\tool.pdb
c:\users\chris\onedrive\바탕 화면\프로젝트\srproject\tool\default\x64\debug\tool.res
c:\users\chris\onedrive\바탕 화면\sr_mainframe\tool\default\x64\debug\tool.res
c:\users\chris\onedrive\바탕 화면\프로젝트\srproject\tool\default\x64\debug\camera_dynamic.obj
c:\users\chris\onedrive\바탕 화면\프로젝트\srproject\tool\default\x64\debug\tool.tlog\cl.command.1.tlog
c:\users\chris\onedrive\바탕 화면\프로젝트\srproject\tool\default\x64\debug\tool.tlog\cl.read.1.tlog
c:\users\chris\onedrive\바탕 화면\프로젝트\srproject\tool\default\x64\debug\tool.tlog\cl.write.1.tlog
c:\users\chris\onedrive\바탕 화면\프로젝트\srproject\tool\default\x64\debug\tool.tlog\link.command.1.tlog
c:\users\chris\onedrive\바탕 화면\프로젝트\srproject\tool\default\x64\debug\tool.tlog\link.read.1.tlog
c:\users\chris\onedrive\바탕 화면\프로젝트\srproject\tool\default\x64\debug\tool.tlog\link.write.1.tlog
c:\users\chris\onedrive\바탕 화면\프로젝트\srproject\tool\default\x64\debug\tool.tlog\rc.command.1.tlog
c:\users\chris\onedrive\바탕 화면\프로젝트\srproject\tool\default\x64\debug\tool.tlog\rc.read.1.tlog
c:\users\chris\onedrive\바탕 화면\프로젝트\srproject\tool\default\x64\debug\tool.tlog\rc.write.1.tlog
